#
# There is insufficient memory for the Java Runtime Environment to continue.
# Native memory allocation (malloc) failed to allocate 326416 bytes. Error detail: Chunk::new
# Possible reasons:
#   The system is out of physical RAM or swap space
#   This process is running with CompressedOops enabled, and the Java Heap may be blocking the growth of the native heap
# Possible solutions:
#   Reduce memory load on the system
#   Increase physical memory or swap space
#   Check if swap backing store is full
#   Decrease Java heap size (-Xmx/-Xms)
#   Decrease number of Java threads
#   Decrease Java thread stack sizes (-Xss)
#   Set larger code cache with -XX:ReservedCodeCacheSize=
#   JVM is running with Unscaled Compressed Oops mode in which the Java heap is
#     placed in the first 4GB address space. The Java Heap base address is the
#     maximum limit for the native heap growth. Please use -XX:HeapBaseMinAddress
#     to set the Java Heap base and to place the Java Heap above 4GB virtual address.
# This output file may be truncated or incomplete.
#
#  Out of Memory Error (arena.cpp:168), pid=20752, tid=28664
#
# JRE version: OpenJDK Runtime Environment Temurin-21.0.9+10 (21.0.9+10) (build 21.0.9+10-LTS)
# Java VM: OpenJDK 64-Bit Server VM Temurin-21.0.9+10 (21.0.9+10-LTS, mixed mode, sharing, tiered, compressed oops, compressed class ptrs, parallel gc, windows-amd64)
# No core dump will be written. Minidumps are not enabled by default on client versions of Windows
#

---------------  S U M M A R Y ------------

Command Line: --add-modules=ALL-SYSTEM --add-opens=java.base/java.util=ALL-UNNAMED --add-opens=java.base/java.lang=ALL-UNNAMED --add-opens=java.base/sun.nio.fs=ALL-UNNAMED -Declipse.application=org.eclipse.jdt.ls.core.id1 -Dosgi.bundles.defaultStartLevel=4 -Declipse.product=org.eclipse.jdt.ls.core.product -Djava.import.generatesMetadataFilesAtProjectRoot=false -DDetectVMInstallationsJob.disabled=true -Dfile.encoding=utf8 -XX:+UseParallelGC -XX:GCTimeRatio=4 -XX:AdaptiveSizePolicyWeight=90 -Dsun.zip.disableMemoryMapping=true -Xmx2G -Xms100m -Xlog:disable -javaagent:c:\Users\DILUD\.antigravity\extensions\redhat.java-1.52.0-win32-x64\lombok\lombok-1.18.39-4050.jar -XX:+HeapDumpOnOutOfMemoryError -XX:HeapDumpPath=c:\Users\DILUD\AppData\Roaming\Antigravity\User\workspaceStorage\322d9b75c46e254df7ee2a2d899bd7e7\redhat.java -Daether.dependencyCollector.impl=bf c:\Users\DILUD\.antigravity\extensions\redhat.java-1.52.0-win32-x64\server\plugins\org.eclipse.equinox.launcher_1.7.100.v20251111-0406.jar -configuration c:\Users\DILUD\AppData\Roaming\Antigravity\User\globalStorage\redhat.java\1.52.0\config_win -data c:\Users\DILUD\AppData\Roaming\Antigravity\User\workspaceStorage\322d9b75c46e254df7ee2a2d899bd7e7\redhat.java\jdt_ws --pipe=\\.\pipe\lsp-ddbdeec84f9ef68ffa18ce7d62f65519-sock

Host: 11th Gen Intel(R) Core(TM) i5-11300H @ 3.10GHz, 8 cores, 7G,  Windows 10 , 64 bit Build 19041 (10.0.19041.5915)
Time: Wed Feb 25 19:55:00 2026 Sri Lanka Standard Time elapsed time: 2.902116 seconds (0d 0h 0m 2s)

---------------  T H R E A D  ---------------

Current thread (0x000002bbcd03a8c0):  JavaThread "C2 CompilerThread0" daemon [_thread_in_native, id=28664, stack(0x000000c9f4a00000,0x000000c9f4b00000) (1024K)]


Current CompileTask:
C2:2902  668       4       lombok.patcher.scripts.MethodLevelPatchScript::patch (21 bytes)

Stack: [0x000000c9f4a00000,0x000000c9f4b00000]
Native frames: (J=compiled Java code, j=interpreted, Vv=VM code, C=native code)
V  [jvm.dll+0x6d6e29]
V  [jvm.dll+0x8b4b76]
V  [jvm.dll+0x8b712e]
V  [jvm.dll+0x8b7813]
V  [jvm.dll+0x283d86]
V  [jvm.dll+0xc66ed]
V  [jvm.dll+0xc6c31]
V  [jvm.dll+0x3be501]
V  [jvm.dll+0x38ab92]
V  [jvm.dll+0x389fda]
V  [jvm.dll+0x24bfa0]
V  [jvm.dll+0x24b580]
V  [jvm.dll+0x1cb13e]
V  [jvm.dll+0x25b29d]
V  [jvm.dll+0x25982a]
V  [jvm.dll+0x3f7ea6]
V  [jvm.dll+0x85e9ad]
V  [jvm.dll+0x6d565d]
C  [ucrtbase.dll+0x21bb2]
C  [KERNEL32.DLL+0x17374]
C  [ntdll.dll+0x4cc91]


---------------  P R O C E S S  ---------------

Threads class SMR info:
_java_thread_list=0x000002bbe561ef60, length=11, elements={
0x000002bbcad05830, 0x000002bbcd02de70, 0x000002bbcd031d90, 0x000002bbcd034900,
0x000002bbcd0385f0, 0x000002bbcd039040, 0x000002bbcd039a90, 0x000002bbcd03a8c0,
0x000002bbcd06bca0, 0x000002bbe54c1000, 0x000002bbe5622670
}

Java Threads: ( => current thread )
  0x000002bbcad05830 JavaThread "main"                              [_thread_in_Java, id=14308, stack(0x000000c9f4000000,0x000000c9f4100000) (1024K)]
  0x000002bbcd02de70 JavaThread "Reference Handler"          daemon [_thread_blocked, id=11020, stack(0x000000c9f4400000,0x000000c9f4500000) (1024K)]
  0x000002bbcd031d90 JavaThread "Finalizer"                  daemon [_thread_blocked, id=21984, stack(0x000000c9f4500000,0x000000c9f4600000) (1024K)]
  0x000002bbcd034900 JavaThread "Signal Dispatcher"          daemon [_thread_blocked, id=20188, stack(0x000000c9f4600000,0x000000c9f4700000) (1024K)]
  0x000002bbcd0385f0 JavaThread "Attach Listener"            daemon [_thread_blocked, id=18232, stack(0x000000c9f4700000,0x000000c9f4800000) (1024K)]
  0x000002bbcd039040 JavaThread "Service Thread"             daemon [_thread_blocked, id=18888, stack(0x000000c9f4800000,0x000000c9f4900000) (1024K)]
  0x000002bbcd039a90 JavaThread "Monitor Deflation Thread"   daemon [_thread_blocked, id=1488, stack(0x000000c9f4900000,0x000000c9f4a00000) (1024K)]
=>0x000002bbcd03a8c0 JavaThread "C2 CompilerThread0"         daemon [_thread_in_native, id=28664, stack(0x000000c9f4a00000,0x000000c9f4b00000) (1024K)]
  0x000002bbcd06bca0 JavaThread "C1 CompilerThread0"         daemon [_thread_in_native, id=73016, stack(0x000000c9f4b00000,0x000000c9f4c00000) (1024K)]
  0x000002bbe54c1000 JavaThread "Common-Cleaner"             daemon [_thread_blocked, id=53396, stack(0x000000c9f4c00000,0x000000c9f4d00000) (1024K)]
  0x000002bbe5622670 JavaThread "Notification Thread"        daemon [_thread_blocked, id=67780, stack(0x000000c9f4d00000,0x000000c9f4e00000) (1024K)]
Total: 11

Other Threads:
  0x000002bbcd021c00 VMThread "VM Thread"                           [id=71448, stack(0x000000c9f4300000,0x000000c9f4400000) (1024K)]
  0x000002bbcd12f360 WatcherThread "VM Periodic Task Thread"        [id=73528, stack(0x000000c9f4200000,0x000000c9f4300000) (1024K)]
  0x000002bbcd0e0950 WorkerThread "GC Thread#0"                     [id=34504, stack(0x000000c9f4100000,0x000000c9f4200000) (1024K)]
Total: 3

Threads with active compile tasks:
C2 CompilerThread0  2938  668       4       lombok.patcher.scripts.MethodLevelPatchScript::patch (21 bytes)
C1 CompilerThread0  2938  848       1       java.lang.Integer::intValue (5 bytes)
Total: 2

VM state: not at safepoint (normal execution)

VM Mutex/Monitor currently owned by a thread: None

Heap address: 0x0000000080000000, size: 2048 MB, Compressed Oops mode: 32-bit

CDS archive(s) mapped at: [0x000002bb80000000-0x000002bb80ba0000-0x000002bb80ba0000), size 12189696, SharedBaseAddress: 0x000002bb80000000, ArchiveRelocationMode: 1.
Compressed class space mapped at: 0x000002bb81000000-0x000002bbc1000000, reserved size: 1073741824
Narrow klass base: 0x000002bb80000000, Narrow klass shift: 0, Narrow klass range: 0x100000000

GC Precious Log:
 CardTable entry size: 512
 CPUs: 8 total, 8 available
 Memory: 7930M
 Large Page Support: Disabled
 NUMA Support: Disabled
 Compressed Oops: Enabled (32-bit)
 Alignments: Space 512K, Generation 512K, Heap 2M
 Heap Min Capacity: 100M
 Heap Initial Capacity: 100M
 Heap Max Capacity: 2G
 Pre-touch: Disabled
 Parallel Workers: 8

Heap:
 PSYoungGen      total 29696K, used 16633K [0x00000000d5580000, 0x00000000d7680000, 0x0000000100000000)
  eden space 25600K, 64% used [0x00000000d5580000,0x00000000d65be6c0,0x00000000d6e80000)
  from space 4096K, 0% used [0x00000000d7280000,0x00000000d7280000,0x00000000d7680000)
  to   space 4096K, 0% used [0x00000000d6e80000,0x00000000d6e80000,0x00000000d7280000)
 ParOldGen       total 68608K, used 0K [0x0000000080000000, 0x0000000084300000, 0x00000000d5580000)
  object space 68608K, 0% used [0x0000000080000000,0x0000000080000000,0x0000000084300000)
 Metaspace       used 3206K, committed 3392K, reserved 1114112K
  class space    used 339K, committed 448K, reserved 1048576K

Card table byte_map: [0x000002bbcca70000,0x000002bbcce80000] _byte_map_base: 0x000002bbcc670000

Marking Bits: (ParMarkBitMap*) 0x00007ffed0632460
 Begin Bits: [0x000002bbdf580000, 0x000002bbe1580000)
 End Bits:   [0x000002bbe1580000, 0x000002bbe3580000)

Polling page: 0x000002bbcaf20000

Metaspace:

Usage:
  Non-class:      2.80 MB used.
      Class:    340.23 KB used.
       Both:      3.13 MB used.

Virtual space:
  Non-class space:       64.00 MB reserved,       2.94 MB (  5%) committed,  1 nodes.
      Class space:        1.00 GB reserved,     448.00 KB ( <1%) committed,  1 nodes.
             Both:        1.06 GB reserved,       3.38 MB ( <1%) committed. 

Chunk freelists:
   Non-Class:  11.52 MB
       Class:  15.51 MB
        Both:  27.03 MB

MaxMetaspaceSize: unlimited
CompressedClassSpaceSize: 1.00 GB
Initial GC threshold: 21.00 MB
Current GC threshold: 21.00 MB
CDS: on
 - commit_granule_bytes: 65536.
 - commit_granule_words: 8192.
 - virtual_space_node_default_size: 8388608.
 - enlarge_chunks_in_place: 1.
 - use_allocation_guard: 0.


Internal statistics:

num_allocs_failed_limit: 0.
num_arena_births: 124.
num_arena_deaths: 0.
num_vsnodes_births: 2.
num_vsnodes_deaths: 0.
num_space_committed: 54.
num_space_uncommitted: 0.
num_chunks_returned_to_freelist: 0.
num_chunks_taken_from_freelist: 155.
num_chunk_merges: 0.
num_chunk_splits: 106.
num_chunks_enlarged: 66.
num_inconsistent_stats: 0.

CodeHeap 'non-profiled nmethods': size=120000Kb used=312Kb max_used=312Kb free=119687Kb
 bounds [0x000002bbd7da0000, 0x000002bbd8010000, 0x000002bbdf2d0000]
CodeHeap 'profiled nmethods': size=120000Kb used=1278Kb max_used=1278Kb free=118721Kb
 bounds [0x000002bbd02d0000, 0x000002bbd0540000, 0x000002bbd7800000]
CodeHeap 'non-nmethods': size=5760Kb used=1197Kb max_used=1211Kb free=4562Kb
 bounds [0x000002bbd7800000, 0x000002bbd7a70000, 0x000002bbd7da0000]
CodeCache: size=245760Kb, used=2787Kb, max_used=2801Kb, free=242970Kb
 total_blobs=1286, nmethods=839, adapters=354, full_count=0
Compilation: enabled, stopped_count=0, restarted_count=0

Compilation events (20 events):
Event: 2.890 Thread 0x000002bbcd06bca0  812       3       java.lang.StringLatin1::trim (76 bytes)
Event: 2.890 Thread 0x000002bbcd06bca0 nmethod 812 0x000002bbd0404e10 code [0x000002bbd0404fe0, 0x000002bbd0405390]
Event: 2.890 Thread 0x000002bbcd06bca0  809       3       java.util.StringTokenizer::hasMoreTokens (29 bytes)
Event: 2.891 Thread 0x000002bbcd06bca0 nmethod 809 0x000002bbd0405510 code [0x000002bbd04056c0, 0x000002bbd0405868]
Event: 2.891 Thread 0x000002bbcd06bca0  810       3       java.util.StringTokenizer::nextToken (92 bytes)
Event: 2.891 Thread 0x000002bbcd06bca0 nmethod 810 0x000002bbd0405910 code [0x000002bbd0405b00, 0x000002bbd0405e28]
Event: 2.891 Thread 0x000002bbcd06bca0  811       3       java.lang.String::trim (35 bytes)
Event: 2.891 Thread 0x000002bbcd06bca0 nmethod 811 0x000002bbd0405f90 code [0x000002bbd0406160, 0x000002bbd0406430]
Event: 2.893 Thread 0x000002bbcd06bca0  814       1       java.lang.invoke.MethodHandles$Lookup::previousLookupClass (5 bytes)
Event: 2.894 Thread 0x000002bbcd06bca0 nmethod 814 0x000002bbd7dec610 code [0x000002bbd7dec7a0, 0x000002bbd7dec868]
Event: 2.894 Thread 0x000002bbcd06bca0  816       3       java.lang.Enum::equals (11 bytes)
Event: 2.894 Thread 0x000002bbcd06bca0 nmethod 816 0x000002bbd0406510 code [0x000002bbd04066a0, 0x000002bbd0406800]
Event: 2.894 Thread 0x000002bbcd06bca0  817       3       jdk.internal.org.objectweb.asm.Label::<init> (5 bytes)
Event: 2.894 Thread 0x000002bbcd06bca0 nmethod 817 0x000002bbd0406890 code [0x000002bbd0406a40, 0x000002bbd0406ba8]
Event: 2.894 Thread 0x000002bbcd06bca0  818       3       jdk.internal.org.objectweb.asm.ByteVector::enlarge (73 bytes)
Event: 2.895 Thread 0x000002bbcd06bca0 nmethod 818 0x000002bbd0406c90 code [0x000002bbd0406e60, 0x000002bbd0407248]
Event: 2.895 Thread 0x000002bbcd06bca0  819       3       sun.invoke.util.VerifyAccess::isClassAccessible (230 bytes)
Event: 2.896 Thread 0x000002bbcd06bca0 nmethod 819 0x000002bbd0407390 code [0x000002bbd04076a0, 0x000002bbd0408490]
Event: 2.896 Thread 0x000002bbcd06bca0  820       1       java.lang.invoke.MethodType::rtype (5 bytes)
Event: 2.896 Thread 0x000002bbcd06bca0 nmethod 820 0x000002bbd7dec910 code [0x000002bbd7decaa0, 0x000002bbd7decb68]

GC Heap History (0 events):
No events

Dll operation events (8 events):
Event: 0.046 Loaded shared library c:\Users\DILUD\.antigravity\extensions\redhat.java-1.52.0-win32-x64\jre\21.0.9-win32-x86_64\bin\java.dll
Event: 0.333 Loaded shared library c:\Users\DILUD\.antigravity\extensions\redhat.java-1.52.0-win32-x64\jre\21.0.9-win32-x86_64\bin\zip.dll
Event: 0.410 Loaded shared library C:\Users\DILUD\.antigravity\extensions\redhat.java-1.52.0-win32-x64\jre\21.0.9-win32-x86_64\bin\instrument.dll
Event: 0.418 Loaded shared library C:\Users\DILUD\.antigravity\extensions\redhat.java-1.52.0-win32-x64\jre\21.0.9-win32-x86_64\bin\net.dll
Event: 0.421 Loaded shared library C:\Users\DILUD\.antigravity\extensions\redhat.java-1.52.0-win32-x64\jre\21.0.9-win32-x86_64\bin\nio.dll
Event: 0.427 Loaded shared library C:\Users\DILUD\.antigravity\extensions\redhat.java-1.52.0-win32-x64\jre\21.0.9-win32-x86_64\bin\zip.dll
Event: 0.504 Loaded shared library C:\Users\DILUD\.antigravity\extensions\redhat.java-1.52.0-win32-x64\jre\21.0.9-win32-x86_64\bin\jimage.dll
Event: 0.998 Loaded shared library c:\Users\DILUD\.antigravity\extensions\redhat.java-1.52.0-win32-x64\jre\21.0.9-win32-x86_64\bin\verify.dll

Deoptimization events (20 events):
Event: 2.644 Thread 0x000002bbcad05830 Uncommon trap: trap_request=0xffffff45 fr.pc=0x000002bbd7dc271c relative=0x000000000000017c
Event: 2.644 Thread 0x000002bbcad05830 Uncommon trap: reason=unstable_if action=reinterpret pc=0x000002bbd7dc271c method=java.lang.StringUTF16.compress([CI[BII)I @ 20 c2
Event: 2.644 Thread 0x000002bbcad05830 DEOPT PACKING pc=0x000002bbd7dc271c sp=0x000000c9f40fb9f0
Event: 2.644 Thread 0x000002bbcad05830 DEOPT UNPACKING pc=0x000002bbd7856da2 sp=0x000000c9f40fb960 mode 2
Event: 2.676 Thread 0x000002bbcad05830 Uncommon trap: trap_request=0xffffffde fr.pc=0x000002bbd7dd238c relative=0x000000000000092c
Event: 2.676 Thread 0x000002bbcad05830 Uncommon trap: reason=class_check action=maybe_recompile pc=0x000002bbd7dd238c method=java.util.HashMap.putVal(ILjava/lang/Object;Ljava/lang/Object;ZZ)Ljava/lang/Object; @ 91 c2
Event: 2.676 Thread 0x000002bbcad05830 DEOPT PACKING pc=0x000002bbd7dd238c sp=0x000000c9f40fdb10
Event: 2.677 Thread 0x000002bbcad05830 DEOPT UNPACKING pc=0x000002bbd7856da2 sp=0x000000c9f40fdad0 mode 2
Event: 2.677 Thread 0x000002bbcad05830 Uncommon trap: trap_request=0xffffffde fr.pc=0x000002bbd7dd238c relative=0x000000000000092c
Event: 2.677 Thread 0x000002bbcad05830 Uncommon trap: reason=class_check action=maybe_recompile pc=0x000002bbd7dd238c method=java.util.HashMap.putVal(ILjava/lang/Object;Ljava/lang/Object;ZZ)Ljava/lang/Object; @ 91 c2
Event: 2.677 Thread 0x000002bbcad05830 DEOPT PACKING pc=0x000002bbd7dd238c sp=0x000000c9f40fdc30
Event: 2.677 Thread 0x000002bbcad05830 DEOPT UNPACKING pc=0x000002bbd7856da2 sp=0x000000c9f40fdbc0 mode 2
Event: 2.865 Thread 0x000002bbcad05830 Uncommon trap: trap_request=0xffffff45 fr.pc=0x000002bbd7de4d2c relative=0x000000000000008c
Event: 2.865 Thread 0x000002bbcad05830 Uncommon trap: reason=unstable_if action=reinterpret pc=0x000002bbd7de4d2c method=jdk.internal.misc.Unsafe.convEndian(ZI)I @ 4 c2
Event: 2.865 Thread 0x000002bbcad05830 DEOPT PACKING pc=0x000002bbd7de4d2c sp=0x000000c9f40fd940
Event: 2.865 Thread 0x000002bbcad05830 DEOPT UNPACKING pc=0x000002bbd7856da2 sp=0x000000c9f40fd870 mode 2
Event: 2.887 Thread 0x000002bbcad05830 Uncommon trap: trap_request=0xffffff45 fr.pc=0x000002bbd7dd473c relative=0x000000000000065c
Event: 2.887 Thread 0x000002bbcad05830 Uncommon trap: reason=unstable_if action=reinterpret pc=0x000002bbd7dd473c method=java.lang.AbstractStringBuilder.append(Ljava/lang/String;)Ljava/lang/AbstractStringBuilder; @ 1 c2
Event: 2.887 Thread 0x000002bbcad05830 DEOPT PACKING pc=0x000002bbd7dd473c sp=0x000000c9f40fdca0
Event: 2.887 Thread 0x000002bbcad05830 DEOPT UNPACKING pc=0x000002bbd7856da2 sp=0x000000c9f40fdc30 mode 2

Classes loaded (20 events):
Event: 2.855 Loading class sun/net/www/MimeTable
Event: 2.855 Loading class sun/net/www/MimeTable done
Event: 2.855 Loading class sun/net/www/MimeTable$1
Event: 2.858 Loading class sun/net/www/MimeTable$1 done
Event: 2.859 Loading class sun/net/www/MimeTable$2
Event: 2.860 Loading class sun/net/www/MimeTable$2 done
Event: 2.860 Loading class sun/net/www/MimeTable$DefaultInstanceHolder
Event: 2.860 Loading class sun/net/www/MimeTable$DefaultInstanceHolder done
Event: 2.860 Loading class sun/net/www/MimeTable$DefaultInstanceHolder$1
Event: 2.860 Loading class sun/net/www/MimeTable$DefaultInstanceHolder$1 done
Event: 2.886 Loading class sun/net/www/MimeEntry
Event: 2.886 Loading class sun/net/www/MimeEntry done
Event: 2.892 Loading class java/util/regex/Pattern$1MatcherIterator
Event: 2.893 Loading class java/util/regex/Pattern$1MatcherIterator done
Event: 2.895 Loading class java/util/ImmutableCollections$Access
Event: 2.895 Loading class java/util/ImmutableCollections$Access done
Event: 2.895 Loading class java/util/ImmutableCollections$Access$1
Event: 2.895 Loading class jdk/internal/access/JavaUtilCollectionAccess
Event: 2.896 Loading class jdk/internal/access/JavaUtilCollectionAccess done
Event: 2.896 Loading class java/util/ImmutableCollections$Access$1 done

Classes unloaded (0 events):
No events

Classes redefined (0 events):
No events

Internal exceptions (20 events):
Event: 0.320 Thread 0x000002bbcad05830 Exception <a 'java/lang/NoSuchMethodError'{0x00000000d57a93e8}: 'void java.lang.invoke.DirectMethodHandle$Holder.invokeStatic(java.lang.Object, java.lang.Object, java.lang.Object)'> (0x00000000d57a93e8) 
thrown [s\src\hotspot\share\interpreter\linkResolver.cpp, line 773]
Event: 0.473 Thread 0x000002bbcad05830 Exception <a 'java/lang/NoSuchMethodError'{0x00000000d5912140}: 'java.lang.Object java.lang.invoke.Invokers$Holder.invokeExact_MT(java.lang.Object, java.lang.Object, java.lang.Object, java.lang.Object, java.lang.Object)'> (0x00000000d5912140) 
thrown [s\src\hotspot\share\interpreter\linkResolver.cpp, line 773]
Event: 0.742 Thread 0x000002bbcad05830 Exception <a 'java/lang/NoSuchMethodError'{0x00000000d59ca4b8}: 'int java.lang.invoke.DirectMethodHandle$Holder.invokeSpecial(java.lang.Object, java.lang.Object, java.lang.Object, int)'> (0x00000000d59ca4b8) 
thrown [s\src\hotspot\share\interpreter\linkResolver.cpp, line 773]
Event: 0.747 Thread 0x000002bbcad05830 Exception <a 'java/lang/NoSuchMethodError'{0x00000000d59dcea0}: 'java.lang.Object java.lang.invoke.DirectMethodHandle$Holder.invokeStatic(java.lang.Object, java.lang.Object, java.lang.Object, java.lang.Object, int)'> (0x00000000d59dcea0) 
thrown [s\src\hotspot\share\interpreter\linkResolver.cpp, line 773]
Event: 0.749 Thread 0x000002bbcad05830 Exception <a 'java/lang/NoSuchMethodError'{0x00000000d59e8348}: 'void java.lang.invoke.DelegatingMethodHandle$Holder.reinvoke_L(java.lang.Object, java.lang.Object, java.lang.Object, int, java.lang.Object)'> (0x00000000d59e8348) 
thrown [s\src\hotspot\share\interpreter\linkResolver.cpp, line 773]
Event: 0.757 Thread 0x000002bbcad05830 Exception <a 'java/lang/NoSuchMethodError'{0x00000000d59f8c98}: 'int java.lang.invoke.DirectMethodHandle$Holder.invokeSpecial(java.lang.Object, java.lang.Object, java.lang.Object)'> (0x00000000d59f8c98) 
thrown [s\src\hotspot\share\interpreter\linkResolver.cpp, line 773]
Event: 0.760 Thread 0x000002bbcad05830 Exception <a 'java/lang/NoSuchMethodError'{0x00000000d5a04958}: 'java.lang.Object java.lang.invoke.DirectMethodHandle$Holder.invokeStatic(java.lang.Object, java.lang.Object, int)'> (0x00000000d5a04958) 
thrown [s\src\hotspot\share\interpreter\linkResolver.cpp, line 773]
Event: 0.761 Thread 0x000002bbcad05830 Exception <a 'java/lang/NoSuchMethodError'{0x00000000d5a092a8}: 'void java.lang.invoke.DirectMethodHandle$Holder.invokeStatic(java.lang.Object, java.lang.Object, int, java.lang.Object)'> (0x00000000d5a092a8) 
thrown [s\src\hotspot\share\interpreter\linkResolver.cpp, line 773]
Event: 0.762 Thread 0x000002bbcad05830 Exception <a 'java/lang/NoSuchMethodError'{0x00000000d5a0ce38}: 'void java.lang.invoke.DirectMethodHandle$Holder.invokeSpecial(java.lang.Object, java.lang.Object, java.lang.Object, int, java.lang.Object)'> (0x00000000d5a0ce38) 
thrown [s\src\hotspot\share\interpreter\linkResolver.cpp, line 773]
Event: 0.764 Thread 0x000002bbcad05830 Exception <a 'java/lang/NoSuchMethodError'{0x00000000d5a102a8}: 'void java.lang.invoke.DelegatingMethodHandle$Holder.delegate(java.lang.Object, java.lang.Object, int, java.lang.Object)'> (0x00000000d5a102a8) 
thrown [s\src\hotspot\share\interpreter\linkResolver.cpp, line 773]
Event: 1.264 Thread 0x000002bbcad05830 Exception <a 'java/lang/NoSuchMethodError'{0x00000000d5bd1a10}: 'void java.lang.invoke.DelegatingMethodHandle$Holder.reinvoke_L(java.lang.Object, java.lang.Object, java.lang.Object, int)'> (0x00000000d5bd1a10) 
thrown [s\src\hotspot\share\interpreter\linkResolver.cpp, line 773]
Event: 2.243 Thread 0x000002bbcad05830 Exception <a 'java/lang/NoSuchMethodError'{0x00000000d60606b8}: 'void java.lang.invoke.DirectMethodHandle$Holder.invokeVirtual(java.lang.Object, java.lang.Object)'> (0x00000000d60606b8) 
thrown [s\src\hotspot\share\interpreter\linkResolver.cpp, line 773]
Event: 2.727 Thread 0x000002bbcad05830 Exception <a 'java/lang/NoSuchMethodError'{0x00000000d6447140}: 'void java.lang.invoke.DirectMethodHandle$Holder.invokeStatic(java.lang.Object, java.lang.Object)'> (0x00000000d6447140) 
thrown [s\src\hotspot\share\interpreter\linkResolver.cpp, line 773]
Event: 2.734 Thread 0x000002bbcad05830 Exception <a 'java/lang/ClassNotFoundException'{0x00000000d646f240}: sun/net/www/protocol/c/Handler> (0x00000000d646f240) 
thrown [s\src\hotspot\share\classfile\systemDictionary.cpp, line 312]
Event: 2.852 Thread 0x000002bbcad05830 Exception <a 'java/io/FileNotFoundException'{0x00000000d64ce460}> (0x00000000d64ce460) 
thrown [s\src\hotspot\share\prims\jni.cpp, line 520]
Event: 2.853 Thread 0x000002bbcad05830 Exception <a 'java/io/FileNotFoundException'{0x00000000d64cf798}> (0x00000000d64cf798) 
thrown [s\src\hotspot\share\prims\jni.cpp, line 520]
Event: 2.854 Thread 0x000002bbcad05830 Exception <a 'java/io/FileNotFoundException'{0x00000000d64d0420}> (0x00000000d64d0420) 
thrown [s\src\hotspot\share\prims\jni.cpp, line 520]
Event: 2.854 Thread 0x000002bbcad05830 Exception <a 'java/io/FileNotFoundException'{0x00000000d64d0f90}> (0x00000000d64d0f90) 
thrown [s\src\hotspot\share\prims\jni.cpp, line 520]
Event: 2.887 Thread 0x000002bbcad05830 Implicit null exception at 0x000002bbd7dd4124 to 0x000002bbd7dd4724
Event: 2.890 Thread 0x000002bbcad05830 Exception <a 'java/io/FileNotFoundException'{0x00000000d650b160}> (0x00000000d650b160) 
thrown [s\src\hotspot\share\prims\jni.cpp, line 520]

ZGC Phase Switch (0 events):
No events

VM Operations (12 events):
Event: 0.329 Executing VM operation: HandshakeAllThreads (Deoptimize)
Event: 0.330 Executing VM operation: HandshakeAllThreads (Deoptimize) done
Event: 0.558 Executing VM operation: HandshakeAllThreads (Deoptimize)
Event: 0.558 Executing VM operation: HandshakeAllThreads (Deoptimize) done
Event: 1.565 Executing VM operation: Cleanup
Event: 1.565 Executing VM operation: Cleanup done
Event: 2.578 Executing VM operation: Cleanup
Event: 2.579 Executing VM operation: Cleanup done
Event: 2.693 Executing VM operation: HandshakeAllThreads (Deoptimize)
Event: 2.693 Executing VM operation: HandshakeAllThreads (Deoptimize) done
Event: 2.721 Executing VM operation: HandshakeAllThreads (Deoptimize)
Event: 2.721 Executing VM operation: HandshakeAllThreads (Deoptimize) done

Memory protections (0 events):
No events

Nmethod flushes (0 events):
No events

Events (11 events):
Event: 0.094 Thread 0x000002bbcad05830 Thread added: 0x000002bbcad05830
Event: 0.182 Thread 0x000002bbcad05830 Thread added: 0x000002bbcd02de70
Event: 0.182 Thread 0x000002bbcad05830 Thread added: 0x000002bbcd031d90
Event: 0.182 Thread 0x000002bbcad05830 Thread added: 0x000002bbcd034900
Event: 0.182 Thread 0x000002bbcad05830 Thread added: 0x000002bbcd0385f0
Event: 0.182 Thread 0x000002bbcad05830 Thread added: 0x000002bbcd039040
Event: 0.182 Thread 0x000002bbcad05830 Thread added: 0x000002bbcd039a90
Event: 0.182 Thread 0x000002bbcad05830 Thread added: 0x000002bbcd03a8c0
Event: 0.185 Thread 0x000002bbcad05830 Thread added: 0x000002bbcd06bca0
Event: 0.413 Thread 0x000002bbcad05830 Thread added: 0x000002bbe54c1000
Event: 1.797 Thread 0x000002bbcad05830 Thread added: 0x000002bbe5622670


Dynamic libraries:
0x00007ff7ad7e0000 - 0x00007ff7ad7ee000 	c:\Users\DILUD\.antigravity\extensions\redhat.java-1.52.0-win32-x64\jre\21.0.9-win32-x86_64\bin\java.exe
0x00007fff6f9b0000 - 0x00007fff6fba8000 	C:\Windows\SYSTEM32\ntdll.dll
0x00007fff6e8f0000 - 0x00007fff6e9b2000 	C:\Windows\System32\KERNEL32.DLL
0x00007fff6d140000 - 0x00007fff6d436000 	C:\Windows\System32\KERNELBASE.dll
0x00007fff6d670000 - 0x00007fff6d770000 	C:\Windows\System32\ucrtbase.dll
0x00007fff66470000 - 0x00007fff66488000 	c:\Users\DILUD\.antigravity\extensions\redhat.java-1.52.0-win32-x64\jre\21.0.9-win32-x86_64\bin\jli.dll
0x00007fff6e040000 - 0x00007fff6e1e1000 	C:\Windows\System32\USER32.dll
0x00007fff6d770000 - 0x00007fff6d792000 	C:\Windows\System32\win32u.dll
0x00007fff6da70000 - 0x00007fff6da9b000 	C:\Windows\System32\GDI32.dll
0x00007fff6d550000 - 0x00007fff6d669000 	C:\Windows\System32\gdi32full.dll
0x00007fff6d900000 - 0x00007fff6d99d000 	C:\Windows\System32\msvcp_win.dll
0x00007fff66b20000 - 0x00007fff66b3e000 	c:\Users\DILUD\.antigravity\extensions\redhat.java-1.52.0-win32-x64\jre\21.0.9-win32-x86_64\bin\VCRUNTIME140.dll
0x00007fff555f0000 - 0x00007fff5588b000 	C:\Windows\WinSxS\amd64_microsoft.windows.common-controls_6595b64144ccf1df_6.0.19041.6456_none_60b8a6cb71f64256\COMCTL32.dll
0x00007fff6ec20000 - 0x00007fff6ecbe000 	C:\Windows\System32\msvcrt.dll
0x00007fff6e560000 - 0x00007fff6e58f000 	C:\Windows\System32\IMM32.DLL
0x00007fff69060000 - 0x00007fff6906c000 	c:\Users\DILUD\.antigravity\extensions\redhat.java-1.52.0-win32-x64\jre\21.0.9-win32-x86_64\bin\vcruntime140_1.dll
0x00007fff370f0000 - 0x00007fff3717d000 	c:\Users\DILUD\.antigravity\extensions\redhat.java-1.52.0-win32-x64\jre\21.0.9-win32-x86_64\bin\msvcp140.dll
0x00007ffecf970000 - 0x00007ffed0710000 	c:\Users\DILUD\.antigravity\extensions\redhat.java-1.52.0-win32-x64\jre\21.0.9-win32-x86_64\bin\server\jvm.dll
0x00007fff6eaa0000 - 0x00007fff6eb51000 	C:\Windows\System32\ADVAPI32.dll
0x00007fff6dec0000 - 0x00007fff6df5f000 	C:\Windows\System32\sechost.dll
0x00007fff6e260000 - 0x00007fff6e380000 	C:\Windows\System32\RPCRT4.dll
0x00007fff6d9a0000 - 0x00007fff6d9c7000 	C:\Windows\System32\bcrypt.dll
0x00007fff6e1f0000 - 0x00007fff6e25b000 	C:\Windows\System32\WS2_32.dll
0x00007fff6c580000 - 0x00007fff6c5cb000 	C:\Windows\SYSTEM32\POWRPROF.dll
0x00007fff5e8f0000 - 0x00007fff5e917000 	C:\Windows\SYSTEM32\WINMM.dll
0x00007fff61bd0000 - 0x00007fff61bda000 	C:\Windows\SYSTEM32\VERSION.dll
0x00007fff6c440000 - 0x00007fff6c452000 	C:\Windows\SYSTEM32\UMPDC.dll
0x00007fff6b850000 - 0x00007fff6b862000 	C:\Windows\SYSTEM32\kernel.appcore.dll
0x00007fff68e80000 - 0x00007fff68e8a000 	c:\Users\DILUD\.antigravity\extensions\redhat.java-1.52.0-win32-x64\jre\21.0.9-win32-x86_64\bin\jimage.dll
0x00007fff6acf0000 - 0x00007fff6aef1000 	C:\Windows\SYSTEM32\DBGHELP.DLL
0x00007fff58870000 - 0x00007fff588a4000 	C:\Windows\SYSTEM32\dbgcore.DLL
0x00007fff6d4c0000 - 0x00007fff6d542000 	C:\Windows\System32\bcryptPrimitives.dll
0x00007fff68a70000 - 0x00007fff68a7f000 	c:\Users\DILUD\.antigravity\extensions\redhat.java-1.52.0-win32-x64\jre\21.0.9-win32-x86_64\bin\instrument.dll
0x00007fff65d60000 - 0x00007fff65d80000 	c:\Users\DILUD\.antigravity\extensions\redhat.java-1.52.0-win32-x64\jre\21.0.9-win32-x86_64\bin\java.dll
0x00007fff6ecc0000 - 0x00007fff6f430000 	C:\Windows\System32\SHELL32.dll
0x00007fff6b090000 - 0x00007fff6b835000 	C:\Windows\SYSTEM32\windows.storage.dll
0x00007fff6e590000 - 0x00007fff6e8e4000 	C:\Windows\System32\combase.dll
0x00007fff6ca70000 - 0x00007fff6ca9b000 	C:\Windows\SYSTEM32\Wldp.dll
0x00007fff6df60000 - 0x00007fff6e02d000 	C:\Windows\System32\OLEAUT32.dll
0x00007fff6e380000 - 0x00007fff6e42d000 	C:\Windows\System32\SHCORE.dll
0x00007fff6f430000 - 0x00007fff6f48b000 	C:\Windows\System32\shlwapi.dll
0x00007fff6cf70000 - 0x00007fff6cf94000 	C:\Windows\SYSTEM32\profapi.dll
0x00007fff5ff40000 - 0x00007fff5ff58000 	c:\Users\DILUD\.antigravity\extensions\redhat.java-1.52.0-win32-x64\jre\21.0.9-win32-x86_64\bin\zip.dll
0x00007fff689c0000 - 0x00007fff689d0000 	C:\Users\DILUD\.antigravity\extensions\redhat.java-1.52.0-win32-x64\jre\21.0.9-win32-x86_64\bin\net.dll
0x00007fff694e0000 - 0x00007fff695ea000 	C:\Windows\SYSTEM32\WINHTTP.dll
0x00007fff6c7d0000 - 0x00007fff6c83a000 	C:\Windows\system32\mswsock.dll
0x00007fff66450000 - 0x00007fff66466000 	C:\Users\DILUD\.antigravity\extensions\redhat.java-1.52.0-win32-x64\jre\21.0.9-win32-x86_64\bin\nio.dll
0x00007fff66ba0000 - 0x00007fff66bb0000 	c:\Users\DILUD\.antigravity\extensions\redhat.java-1.52.0-win32-x64\jre\21.0.9-win32-x86_64\bin\verify.dll

JVMTI agents:
c:\Users\DILUD\.antigravity\extensions\redhat.java-1.52.0-win32-x64\lombok\lombok-1.18.39-4050.jar path:c:\Users\DILUD\.antigravity\extensions\redhat.java-1.52.0-win32-x64\jre\21.0.9-win32-x86_64\bin\instrument.dll, loaded, initialized, instrumentlib options:none

dbghelp: loaded successfully - version: 4.0.5 - missing functions: none
symbol engine: initialized successfully - sym options: 0x614 - pdb path: .;c:\Users\DILUD\.antigravity\extensions\redhat.java-1.52.0-win32-x64\jre\21.0.9-win32-x86_64\bin;C:\Windows\SYSTEM32;C:\Windows\WinSxS\amd64_microsoft.windows.common-controls_6595b64144ccf1df_6.0.19041.6456_none_60b8a6cb71f64256;c:\Users\DILUD\.antigravity\extensions\redhat.java-1.52.0-win32-x64\jre\21.0.9-win32-x86_64\bin\server

VM Arguments:
jvm_args: --add-modules=ALL-SYSTEM --add-opens=java.base/java.util=ALL-UNNAMED --add-opens=java.base/java.lang=ALL-UNNAMED --add-opens=java.base/sun.nio.fs=ALL-UNNAMED -Declipse.application=org.eclipse.jdt.ls.core.id1 -Dosgi.bundles.defaultStartLevel=4 -Declipse.product=org.eclipse.jdt.ls.core.product -Djava.import.generatesMetadataFilesAtProjectRoot=false -DDetectVMInstallationsJob.disabled=true -Dfile.encoding=utf8 -XX:+UseParallelGC -XX:GCTimeRatio=4 -XX:AdaptiveSizePolicyWeight=90 -Dsun.zip.disableMemoryMapping=true -Xmx2G -Xms100m -Xlog:disable -javaagent:c:\Users\DILUD\.antigravity\extensions\redhat.java-1.52.0-win32-x64\lombok\lombok-1.18.39-4050.jar -XX:+HeapDumpOnOutOfMemoryError -XX:HeapDumpPath=c:\Users\DILUD\AppData\Roaming\Antigravity\User\workspaceStorage\322d9b75c46e254df7ee2a2d899bd7e7\redhat.java -Daether.dependencyCollector.impl=bf 
java_command: c:\Users\DILUD\.antigravity\extensions\redhat.java-1.52.0-win32-x64\server\plugins\org.eclipse.equinox.launcher_1.7.100.v20251111-0406.jar -configuration c:\Users\DILUD\AppData\Roaming\Antigravity\User\globalStorage\redhat.java\1.52.0\config_win -data c:\Users\DILUD\AppData\Roaming\Antigravity\User\workspaceStorage\322d9b75c46e254df7ee2a2d899bd7e7\redhat.java\jdt_ws --pipe=\\.\pipe\lsp-ddbdeec84f9ef68ffa18ce7d62f65519-sock
java_class_path (initial): c:\Users\DILUD\.antigravity\extensions\redhat.java-1.52.0-win32-x64\server\plugins\org.eclipse.equinox.launcher_1.7.100.v20251111-0406.jar
Launcher Type: SUN_STANDARD

[Global flags]
    uintx AdaptiveSizePolicyWeight                 = 90                                        {product} {command line}
     intx CICompilerCount                          = 4                                         {product} {ergonomic}
    uintx GCTimeRatio                              = 4                                         {product} {command line}
     bool HeapDumpOnOutOfMemoryError               = true                                   {manageable} {command line}
    ccstr HeapDumpPath                             = c:\Users\DILUD\AppData\Roaming\Antigravity\User\workspaceStorage\322d9b75c46e254df7ee2a2d899bd7e7\redhat.java         {manageable} {command line}
   size_t InitialHeapSize                          = 104857600                                 {product} {command line}
   size_t MaxHeapSize                              = 2147483648                                {product} {command line}
   size_t MaxNewSize                               = 715653120                                 {product} {ergonomic}
   size_t MinHeapDeltaBytes                        = 524288                                    {product} {ergonomic}
   size_t MinHeapSize                              = 104857600                                 {product} {command line}
   size_t NewSize                                  = 34603008                                  {product} {ergonomic}
    uintx NonNMethodCodeHeapSize                   = 5839372                                {pd product} {ergonomic}
    uintx NonProfiledCodeHeapSize                  = 122909434                              {pd product} {ergonomic}
   size_t OldSize                                  = 70254592                                  {product} {ergonomic}
    uintx ProfiledCodeHeapSize                     = 122909434                              {pd product} {ergonomic}
    uintx ReservedCodeCacheSize                    = 251658240                              {pd product} {ergonomic}
     bool SegmentedCodeCache                       = true                                      {product} {ergonomic}
   size_t SoftMaxHeapSize                          = 2147483648                             {manageable} {ergonomic}
     bool UseCompressedOops                        = true                           {product lp64_product} {ergonomic}
     bool UseLargePagesIndividualAllocation        = false                                  {pd product} {ergonomic}
     bool UseParallelGC                            = true                                      {product} {command line}

Logging:
Log output configuration:
 #0: stdout all=off uptime,level,tags foldmultilines=false
 #1: stderr all=off uptime,level,tags foldmultilines=false

Release file:
JAVA_VERSION="21.0.9" 
MODULES="java.base java.compiler java.datatransfer java.xml java.prefs java.desktop java.instrument java.logging java.management java.security.sasl java.naming java.rmi java.management.rmi java.net.http java.scripting java.security.jgss java.transaction.xa java.sql java.sql.rowset java.xml.crypto java.se java.smartcardio jdk.accessibility jdk.internal.jvmstat jdk.attach jdk.charsets jdk.internal.opt jdk.zipfs jdk.compiler jdk.crypto.ec jdk.crypto.cryptoki jdk.crypto.mscapi jdk.dynalink jdk.internal.ed jdk.editpad jdk.hotspot.agent jdk.httpserver jdk.internal.le jdk.internal.vm.ci jdk.internal.vm.compiler jdk.internal.vm.compiler.management jdk.jartool jdk.javadoc jdk.jcmd jdk.management jdk.management.agent jdk.jconsole jdk.jdeps jdk.jdwp.agent jdk.jdi jdk.jfr jdk.jshell jdk.jsobject jdk.jstatd jdk.localedata jdk.management.jfr jdk.naming.dns jdk.naming.rmi jdk.net jdk.nio.mapmode jdk.random jdk.sctp jdk.security.auth jdk.security.jgss jdk.unsupported jdk.unsupported.desktop jdk.xml.dom" 

Environment Variables:
JAVA_HOME=C:\Program Files\Eclipse Adoptium\jdk-17.0.12.7-hotspot\
PATH=C:\Program Files\Microsoft MPI\Bin\;C:\Program Files\Common Files\Oracle\Java\javapath;C:\Program Files\Eclipse Adoptium\jdk-17.0.12.7-hotspot\bin;C:\Program Files (x86)\Common Files\Intel\Shared Libraries\redist\intel64\compiler;C:\Windows\system32;C:\Windows;C:\Windows\System32\Wbem;C:\Windows\System32\WindowsPowerShell\v1.0\;C:\Windows\System32\OpenSSH\;C:\Program Files\dotnet\;C:\Program Files\Azure Data Studio\bin;C:\Program Files (x86)\Microsoft SQL Server\160\DTS\Binn\;C:\Program Files\Microsoft SQL Server\Client SDK\ODBC\170\Tools\Binn\;C:\Program Files (x86)\Microsoft SQL Server\150\Tools\Binn\;C:\Program Files\Microsoft SQL Server\150\Tools\Binn\;C:\Program Files\Microsoft SQL Server\150\DTS\Binn\;C:\Program Files\apache-maven-3.9.11\bin;C:\Program Files\nodejs\;C:\Program Files\Git\bin;C:\Program Files\apache-maven-3.9.11\bin;C:\Program Files\MySQL\MySQL Shell 8.0\bin\;E:\Softwear for Cording\Python\Scripts\;E:\Softwear for Cording\Python\;C:\Users\DILUD\AppData\Local\Microsoft\WindowsApps;C:\Users\DILUD\AppData\Local\GitHubDesktop\bin;C:\Users\DILUD\AppData\Local\Programs\Microsoft VS Code\bin;C:\Program Files\Azure Data Studio\bin;C:\Users\DILUD\AppData\Roaming\npm;C:\Program Files\Git\bin;C:\Users\DILUD\AppData\Local\Programs\Antigravity\bin
USERNAME=Admin
OS=Windows_NT
PROCESSOR_IDENTIFIER=Intel64 Family 6 Model 140 Stepping 1, GenuineIntel
TMP=C:\Users\DILUD\AppData\Local\Temp
TEMP=C:\Users\DILUD\AppData\Local\Temp




Periodic native trim disabled

---------------  S Y S T E M  ---------------

OS:
 Windows 10 , 64 bit Build 19041 (10.0.19041.5915)
OS uptime: 8 days 0:08 hours

CPU: total 8 (initial active 8) (4 cores per cpu, 2 threads per core) family 6 model 140 stepping 1 microcode 0xbc, cx8, cmov, fxsr, ht, mmx, 3dnowpref, sse, sse2, sse3, ssse3, sse4.1, sse4.2, popcnt, lzcnt, tsc, tscinvbit, avx, avx2, aes, erms, clmul, bmi1, bmi2, adx, avx512f, avx512dq, avx512cd, avx512bw, avx512vl, sha, fma, vzeroupper, avx512_vpopcntdq, avx512_vpclmulqdq, avx512_vaes, avx512_vnni, clflush, clflushopt, clwb, avx512_vbmi2, avx512_vbmi, rdtscp, rdpid, fsrm, gfni, avx512_bitalg, f16c, pku, cet_ibt, cet_ss, avx512_ifma
Processor Information for the first 8 processors :
  Max Mhz: 2611, Current Mhz: 2611, Mhz Limit: 2611

Memory: 4k page, system-wide physical 7930M (317M free)
TotalPageFile size 32506M (AvailPageFile size 39M)
current process WorkingSet (physical memory assigned to process): 60M, peak: 60M
current process commit charge ("private bytes"): 229M, peak: 230M

vm_info: OpenJDK 64-Bit Server VM (21.0.9+10-LTS) for windows-amd64 JRE (21.0.9+10-LTS), built on 2025-10-21T00:00:00Z by "admin" with unknown MS VC++:1942

END.
